  Building Custom Rule C:/Users/Ziyad/Documents/TinyWindow/Vulkan/CMakeLists.txt
  Vulkan.cpp
C:\Users\Ziyad\Documents\TinyWindow\Vulkan\..\Include\TinyWindow.h(884,1): error C2039: 'versionMajor': is not a member of 'TinyWindow::tWindow'
C:\Users\Ziyad\Documents\TinyWindow\Vulkan\..\Include\TinyWindow.h(717): message : see declaration of 'TinyWindow::tWindow'
C:\Users\Ziyad\Documents\TinyWindow\Vulkan\..\Include\TinyWindow.h(885,1): error C2039: 'versionMinor': is not a member of 'TinyWindow::tWindow'
C:\Users\Ziyad\Documents\TinyWindow\Vulkan\..\Include\TinyWindow.h(717): message : see declaration of 'TinyWindow::tWindow'
C:\Users\Ziyad\Documents\TinyWindow\Vulkan\..\Include\TinyWindow.h(909,1): error C2039: 'profile': is not a member of 'TinyWindow::tWindow'
C:\Users\Ziyad\Documents\TinyWindow\Vulkan\..\Include\TinyWindow.h(717): message : see declaration of 'TinyWindow::tWindow'
C:\Users\Ziyad\Documents\TinyWindow\Vulkan\..\Include\TinyWindow.h(909,60): error C2065: 'WGL_CONTEXT_COMPATIBILITY_PROFILE_BIT_ARB': undeclared identifier
C:\Users\Ziyad\Documents\TinyWindow\Vulkan\..\Include\TinyWindow.h(909,104): error C2065: 'WGL_CONTEXT_CORE_PROFILE_BIT_ARB': undeclared identifier
C:\Users\Ziyad\Documents\TinyWindow\Vulkan\..\Include\TinyWindow.h(931,1): error C2039: 'versionMajor': is not a member of 'TinyWindow::tWindow'
C:\Users\Ziyad\Documents\TinyWindow\Vulkan\..\Include\TinyWindow.h(717): message : see declaration of 'TinyWindow::tWindow'
C:\Users\Ziyad\Documents\TinyWindow\Vulkan\..\Include\TinyWindow.h(932,1): error C2039: 'versionMinor': is not a member of 'TinyWindow::tWindow'
C:\Users\Ziyad\Documents\TinyWindow\Vulkan\..\Include\TinyWindow.h(717): message : see declaration of 'TinyWindow::tWindow'
C:\Users\Ziyad\Documents\TinyWindow\Vulkan\..\Include\TinyWindow.h(948,1): error C2039: 'profile': is not a member of 'TinyWindow::tWindow'
C:\Users\Ziyad\Documents\TinyWindow\Vulkan\..\Include\TinyWindow.h(717): message : see declaration of 'TinyWindow::tWindow'
C:\Users\Ziyad\Documents\TinyWindow\Vulkan\..\Include\TinyWindow.h(2143,63): error C3646: 'wglGetExtensionsStringARB': unknown override specifier
C:\Users\Ziyad\Documents\TinyWindow\Vulkan\..\Include\TinyWindow.h(2143,63): error C4430: missing type specifier - int assumed. Note: C++ does not support default-int
C:\Users\Ziyad\Documents\TinyWindow\Vulkan\..\Include\TinyWindow.h(2144,63): error C3646: 'wglGetExtensionsStringEXT': unknown override specifier
C:\Users\Ziyad\Documents\TinyWindow\Vulkan\..\Include\TinyWindow.h(2144,63): error C4430: missing type specifier - int assumed. Note: C++ does not support default-int
C:\Users\Ziyad\Documents\TinyWindow\Vulkan\..\Include\TinyWindow.h(2145,60): error C3646: 'wglChoosePixelFormatARB': unknown override specifier
C:\Users\Ziyad\Documents\TinyWindow\Vulkan\..\Include\TinyWindow.h(2145,60): error C4430: missing type specifier - int assumed. Note: C++ does not support default-int
C:\Users\Ziyad\Documents\TinyWindow\Vulkan\..\Include\TinyWindow.h(2146,60): error C3646: 'wglChoosePixelFormatEXT': unknown override specifier
C:\Users\Ziyad\Documents\TinyWindow\Vulkan\..\Include\TinyWindow.h(2146,60): error C4430: missing type specifier - int assumed. Note: C++ does not support default-int
C:\Users\Ziyad\Documents\TinyWindow\Vulkan\..\Include\TinyWindow.h(2147,65): error C3646: 'wglCreateContextAttribsARB': unknown override specifier
C:\Users\Ziyad\Documents\TinyWindow\Vulkan\..\Include\TinyWindow.h(2147,65): error C4430: missing type specifier - int assumed. Note: C++ does not support default-int
C:\Users\Ziyad\Documents\TinyWindow\Vulkan\..\Include\TinyWindow.h(2148,51): error C3646: 'wglSwapIntervalEXT': unknown override specifier
C:\Users\Ziyad\Documents\TinyWindow\Vulkan\..\Include\TinyWindow.h(2148,51): error C4430: missing type specifier - int assumed. Note: C++ does not support default-int
C:\Users\Ziyad\Documents\TinyWindow\Vulkan\..\Include\TinyWindow.h(2149,56): error C3646: 'wglGetSwapIntervalEXT': unknown override specifier
C:\Users\Ziyad\Documents\TinyWindow\Vulkan\..\Include\TinyWindow.h(2149,56): error C4430: missing type specifier - int assumed. Note: C++ does not support default-int
C:\Users\Ziyad\Documents\TinyWindow\Vulkan\..\Include\TinyWindow.h(2150,69): error C3646: 'wglGetPixelFormatAttribfvARB': unknown override specifier
C:\Users\Ziyad\Documents\TinyWindow\Vulkan\..\Include\TinyWindow.h(2150,69): error C4430: missing type specifier - int assumed. Note: C++ does not support default-int
C:\Users\Ziyad\Documents\TinyWindow\Vulkan\..\Include\TinyWindow.h(2151,69): error C3646: 'wglGetPixelFormatAttribfvEXT': unknown override specifier
C:\Users\Ziyad\Documents\TinyWindow\Vulkan\..\Include\TinyWindow.h(2151,69): error C4430: missing type specifier - int assumed. Note: C++ does not support default-int
C:\Users\Ziyad\Documents\TinyWindow\Vulkan\..\Include\TinyWindow.h(2152,69): error C3646: 'wglGetPixelFormatAttribivARB': unknown override specifier
C:\Users\Ziyad\Documents\TinyWindow\Vulkan\..\Include\TinyWindow.h(2152,69): error C4430: missing type specifier - int assumed. Note: C++ does not support default-int
C:\Users\Ziyad\Documents\TinyWindow\Vulkan\..\Include\TinyWindow.h(2153,69): error C3646: 'wglGetPixelFormatAttribivEXT': unknown override specifier
C:\Users\Ziyad\Documents\TinyWindow\Vulkan\..\Include\TinyWindow.h(2153,69): error C4430: missing type specifier - int assumed. Note: C++ does not support default-int
C:\Users\Ziyad\Documents\TinyWindow\Vulkan\..\Include\TinyWindow.h(1928,26): error C2065: 'wglSwapIntervalEXT': undeclared identifier
C:\Users\Ziyad\Documents\TinyWindow\Vulkan\..\Include\TinyWindow.h(1933,5): error C3861: 'wglSwapIntervalEXT': identifier not found
C:\Users\Ziyad\Documents\TinyWindow\Vulkan\..\Include\TinyWindow.h(1949,8): error C2065: 'wglGetSwapIntervalEXT': undeclared identifier
C:\Users\Ziyad\Documents\TinyWindow\Vulkan\..\Include\TinyWindow.h(1954,20): error C3861: 'wglGetSwapIntervalEXT': identifier not found
C:\Users\Ziyad\Documents\TinyWindow\Vulkan\..\Include\TinyWindow.h(2891,25): error C2065: 'WGL_NUMBER_PIXEL_FORMATS_ARB': undeclared identifier
C:\Users\Ziyad\Documents\TinyWindow\Vulkan\..\Include\TinyWindow.h(2895,5): error C2065: 'WGL_SUPPORT_OPENGL_ARB': undeclared identifier
C:\Users\Ziyad\Documents\TinyWindow\Vulkan\..\Include\TinyWindow.h(2896,5): error C2065: 'WGL_DRAW_TO_WINDOW_ARB': undeclared identifier
C:\Users\Ziyad\Documents\TinyWindow\Vulkan\..\Include\TinyWindow.h(2897,5): error C2065: 'WGL_DOUBLE_BUFFER_ARB': undeclared identifier
C:\Users\Ziyad\Documents\TinyWindow\Vulkan\..\Include\TinyWindow.h(2898,5): error C2065: 'WGL_RED_BITS_ARB': undeclared identifier
C:\Users\Ziyad\Documents\TinyWindow\Vulkan\..\Include\TinyWindow.h(2899,5): error C2065: 'WGL_GREEN_BITS_ARB': undeclared identifier
C:\Users\Ziyad\Documents\TinyWindow\Vulkan\..\Include\TinyWindow.h(2900,5): error C2065: 'WGL_BLUE_BITS_ARB': undeclared identifier
C:\Users\Ziyad\Documents\TinyWindow\Vulkan\..\Include\TinyWindow.h(2901,5): error C2065: 'WGL_ALPHA_BITS_ARB': undeclared identifier
C:\Users\Ziyad\Documents\TinyWindow\Vulkan\..\Include\TinyWindow.h(2902,5): error C2065: 'WGL_DEPTH_BITS_ARB': undeclared identifier
C:\Users\Ziyad\Documents\TinyWindow\Vulkan\..\Include\TinyWindow.h(2903,5): error C2065: 'WGL_STENCIL_BITS_ARB': undeclared identifier
C:\Users\Ziyad\Documents\TinyWindow\Vulkan\..\Include\TinyWindow.h(2904,5): error C2065: 'WGL_ACCELERATION_ARB': undeclared identifier
C:\Users\Ziyad\Documents\TinyWindow\Vulkan\..\Include\TinyWindow.h(2904,27): error C2065: 'WGL_FULL_ACCELERATION_ARB': undeclared identifier
C:\Users\Ziyad\Documents\TinyWindow\Vulkan\..\Include\TinyWindow.h(2905,5): error C2065: 'WGL_PIXEL_TYPE_ARB': undeclared identifier
C:\Users\Ziyad\Documents\TinyWindow\Vulkan\..\Include\TinyWindow.h(2905,25): error C2065: 'WGL_TYPE_RGBA_ARB': undeclared identifier
C:\Users\Ziyad\Documents\TinyWindow\Vulkan\..\Include\TinyWindow.h(2909,8): error C2065: 'wglChoosePixelFormatARB': undeclared identifier
C:\Users\Ziyad\Documents\TinyWindow\Vulkan\..\Include\TinyWindow.h(2911,5): error C3861: 'wglChoosePixelFormatARB': identifier not found
C:\Users\Ziyad\Documents\TinyWindow\Vulkan\..\Include\TinyWindow.h(2917,13): error C2065: 'wglChoosePixelFormatEXT': undeclared identifier
C:\Users\Ziyad\Documents\TinyWindow\Vulkan\..\Include\TinyWindow.h(2919,5): error C3861: 'wglChoosePixelFormatEXT': identifier not found
C:\Users\Ziyad\Documents\TinyWindow\Vulkan\..\Include\TinyWindow.h(3548,8): error C2065: 'wglGetExtensionsStringARB': undeclared identifier
C:\Users\Ziyad\Documents\TinyWindow\Vulkan\..\Include\TinyWindow.h(3550,21): error C3861: 'wglGetExtensionsStringARB': identifier not found
C:\Users\Ziyad\Documents\TinyWindow\Vulkan\..\Include\TinyWindow.h(3560,8): error C2065: 'wglGetExtensionsStringEXT': undeclared identifier
C:\Users\Ziyad\Documents\TinyWindow\Vulkan\..\Include\TinyWindow.h(3562,21): error C3861: 'wglGetExtensionsStringEXT': identifier not found
C:\Users\Ziyad\Documents\TinyWindow\Vulkan\..\Include\TinyWindow.h(3585,4): error C2065: 'wglGetExtensionsStringARB': undeclared identifier
C:\Users\Ziyad\Documents\TinyWindow\Vulkan\..\Include\TinyWindow.h(3585,33): error C2065: 'PFNWGLGETEXTENSIONSSTRINGARBPROC': undeclared identifier
C:\Users\Ziyad\Documents\TinyWindow\Vulkan\..\Include\TinyWindow.h(3585,66): error C2146: syntax error: missing ';' before identifier 'wglGetProcAddress'
C:\Users\Ziyad\Documents\TinyWindow\Vulkan\..\Include\TinyWindow.h(3586,4): error C2065: 'wglGetExtensionsStringEXT': undeclared identifier
C:\Users\Ziyad\Documents\TinyWindow\Vulkan\..\Include\TinyWindow.h(3586,33): error C2065: 'PFNWGLGETEXTENSIONSSTRINGEXTPROC': undeclared identifier
C:\Users\Ziyad\Documents\TinyWindow\Vulkan\..\Include\TinyWindow.h(3586,66): error C2146: syntax error: missing ';' before identifier 'wglGetProcAddress'
C:\Users\Ziyad\Documents\TinyWindow\Vulkan\..\Include\TinyWindow.h(3587,8): error C2065: 'wglGetExtensionsStringARB': undeclared identifier
C:\Users\Ziyad\Documents\TinyWindow\Vulkan\..\Include\TinyWindow.h(3587,48): error C2065: 'wglGetExtensionsStringEXT': undeclared identifier
C:\Users\Ziyad\Documents\TinyWindow\Vulkan\..\Include\TinyWindow.h(3592,4): error C2065: 'wglChoosePixelFormatARB': undeclared identifier
C:\Users\Ziyad\Documents\TinyWindow\Vulkan\..\Include\TinyWindow.h(3592,31): error C2065: 'PFNWGLCHOOSEPIXELFORMATARBPROC': undeclared identifier
C:\Users\Ziyad\Documents\TinyWindow\Vulkan\..\Include\TinyWindow.h(3592,62): error C2146: syntax error: missing ';' before identifier 'wglGetProcAddress'
C:\Users\Ziyad\Documents\TinyWindow\Vulkan\..\Include\TinyWindow.h(3593,4): error C2065: 'wglChoosePixelFormatEXT': undeclared identifier
C:\Users\Ziyad\Documents\TinyWindow\Vulkan\..\Include\TinyWindow.h(3593,31): error C2065: 'PFNWGLCHOOSEPIXELFORMATEXTPROC': undeclared identifier
C:\Users\Ziyad\Documents\TinyWindow\Vulkan\..\Include\TinyWindow.h(3593,62): error C2146: syntax error: missing ';' before identifier 'wglGetProcAddress'
C:\Users\Ziyad\Documents\TinyWindow\Vulkan\..\Include\TinyWindow.h(3594,4): error C2065: 'wglCreateContextAttribsARB': undeclared identifier
C:\Users\Ziyad\Documents\TinyWindow\Vulkan\..\Include\TinyWindow.h(3594,34): error C2065: 'PFNWGLCREATECONTEXTATTRIBSARBPROC': undeclared identifier
C:\Users\Ziyad\Documents\TinyWindow\Vulkan\..\Include\TinyWindow.h(3594,68): error C2146: syntax error: missing ';' before identifier 'wglGetProcAddress'
C:\Users\Ziyad\Documents\TinyWindow\Vulkan\..\Include\TinyWindow.h(3595,4): error C2065: 'wglSwapIntervalEXT': undeclared identifier
C:\Users\Ziyad\Documents\TinyWindow\Vulkan\..\Include\TinyWindow.h(3595,26): error C2065: 'PFNWGLSWAPINTERVALEXTPROC': undeclared identifier
C:\Users\Ziyad\Documents\TinyWindow\Vulkan\..\Include\TinyWindow.h(3595,52): error C2146: syntax error: missing ';' before identifier 'wglGetProcAddress'
C:\Users\Ziyad\Documents\TinyWindow\Vulkan\..\Include\TinyWindow.h(3596,4): error C2065: 'wglGetSwapIntervalEXT': undeclared identifier
C:\Users\Ziyad\Documents\TinyWindow\Vulkan\..\Include\TinyWindow.h(3596,29): error C2065: 'PFNWGLGETSWAPINTERVALEXTPROC': undeclared identifier
C:\Users\Ziyad\Documents\TinyWindow\Vulkan\..\Include\TinyWindow.h(3596,58): error C2146: syntax error: missing ';' before identifier 'wglGetProcAddress'
C:\Users\Ziyad\Documents\TinyWindow\Vulkan\..\Include\TinyWindow.h(3600,4): error C2065: 'wglGetPixelFormatAttribfvARB': undeclared identifier
C:\Users\Ziyad\Documents\TinyWindow\Vulkan\..\Include\TinyWindow.h(3600,36): error C2065: 'PFNWGLGETPIXELFORMATATTRIBFVARBPROC': undeclared identifier
C:\Users\Ziyad\Documents\TinyWindow\Vulkan\..\Include\TinyWindow.h(3600,72): error C2146: syntax error: missing ';' before identifier 'wglGetProcAddress'
C:\Users\Ziyad\Documents\TinyWindow\Vulkan\..\Include\TinyWindow.h(3601,4): error C2065: 'wglGetPixelFormatAttribfvEXT': undeclared identifier
C:\Users\Ziyad\Documents\TinyWindow\Vulkan\..\Include\TinyWindow.h(3601,36): error C2065: 'PFNWGLGETPIXELFORMATATTRIBFVEXTPROC': undeclared identifier
C:\Users\Ziyad\Documents\TinyWindow\Vulkan\..\Include\TinyWindow.h(3601,72): error C2146: syntax error: missing ';' before identifier 'wglGetProcAddress'
C:\Users\Ziyad\Documents\TinyWindow\Vulkan\..\Include\TinyWindow.h(3602,4): error C2065: 'wglGetPixelFormatAttribivARB': undeclared identifier
C:\Users\Ziyad\Documents\TinyWindow\Vulkan\..\Include\TinyWindow.h(3602,36): error C2065: 'PFNWGLGETPIXELFORMATATTRIBIVARBPROC': undeclared identifier
C:\Users\Ziyad\Documents\TinyWindow\Vulkan\..\Include\TinyWindow.h(3602,72): error C2146: syntax error: missing ';' before identifier 'wglGetProcAddress'
C:\Users\Ziyad\Documents\TinyWindow\Vulkan\..\Include\TinyWindow.h(3603,4): error C2065: 'wglGetPixelFormatAttribivEXT': undeclared identifier
C:\Users\Ziyad\Documents\TinyWindow\Vulkan\..\Include\TinyWindow.h(3603,36): error C2065: 'PFNWGLGETPIXELFORMATATTRIBIVEXTPROC': undeclared identifier
C:\Users\Ziyad\Documents\TinyWindow\Vulkan\..\Include\TinyWindow.h(3603,72): error C2146: syntax error: missing ';' before identifier 'wglGetProcAddress'
C:\Users\Ziyad\Documents\TinyWindow\Vulkan\..\Include\TinyWindow.h(3612,8): error C2065: 'wglCreateContextAttribsARB': undeclared identifier
C:\Users\Ziyad\Documents\TinyWindow\Vulkan\..\Include\TinyWindow.h(3616,6): error C2065: 'WGL_CONTEXT_MAJOR_VERSION_ARB': undeclared identifier
C:\Users\Ziyad\Documents\TinyWindow\Vulkan\..\Include\TinyWindow.h(3616,1): error C2039: 'versionMajor': is not a member of 'TinyWindow::tWindow'
C:\Users\Ziyad\Documents\TinyWindow\Vulkan\..\Include\TinyWindow.h(717): message : see declaration of 'TinyWindow::tWindow'
C:\Users\Ziyad\Documents\TinyWindow\Vulkan\..\Include\TinyWindow.h(3617,6): error C2065: 'WGL_CONTEXT_MINOR_VERSION_ARB': undeclared identifier
C:\Users\Ziyad\Documents\TinyWindow\Vulkan\..\Include\TinyWindow.h(3617,1): error C2039: 'versionMinor': is not a member of 'TinyWindow::tWindow'
C:\Users\Ziyad\Documents\TinyWindow\Vulkan\..\Include\TinyWindow.h(717): message : see declaration of 'TinyWindow::tWindow'
C:\Users\Ziyad\Documents\TinyWindow\Vulkan\..\Include\TinyWindow.h(3618,6): error C2065: 'WGL_CONTEXT_PROFILE_MASK_ARB': undeclared identifier
C:\Users\Ziyad\Documents\TinyWindow\Vulkan\..\Include\TinyWindow.h(3618,1): error C2039: 'profile': is not a member of 'TinyWindow::tWindow'
C:\Users\Ziyad\Documents\TinyWindow\Vulkan\..\Include\TinyWindow.h(717): message : see declaration of 'TinyWindow::tWindow'
C:\Users\Ziyad\Documents\TinyWindow\Vulkan\..\Include\TinyWindow.h(3625,40): error C3861: 'wglCreateContextAttribsARB': identifier not found
C:\Users\Ziyad\Documents\TinyWindow\Vulkan\..\Include\TinyWindow.h(3631,11): error C2065: 'ERROR_INVALID_VERSION_ARB': undeclared identifier
C:\Users\Ziyad\Documents\TinyWindow\Vulkan\..\Include\TinyWindow.h(3636,11): error C2065: 'ERROR_INVALID_PROFILE_ARB': undeclared identifier
C:\Users\Ziyad\Documents\TinyWindow\Vulkan\..\Include\TinyWindow.h(3631,1): error C2051: case expression not constant
C:\Users\Ziyad\Documents\TinyWindow\Vulkan\..\Include\TinyWindow.h(3636,1): error C2051: case expression not constant
C:\Users\Ziyad\Documents\TinyWindow\Vulkan\..\Include\TinyWindow.h(3640,1): warning C4060: switch statement contains no 'case' or 'default' labels
C:\Users\Ziyad\Documents\TinyWindow\Vulkan\Vulkan.cpp(374,36): error C2397: conversion from 'uint32_t' to 'float' requires a narrowing conversion
C:\Users\Ziyad\Documents\TinyWindow\Vulkan\Vulkan.cpp(374,36): warning C4244: 'initializing': conversion from 'uint32_t' to 'float', possible loss of data
C:\Users\Ziyad\Documents\TinyWindow\Vulkan\Vulkan.cpp(374,51): error C2397: conversion from 'uint32_t' to 'float' requires a narrowing conversion
C:\Users\Ziyad\Documents\TinyWindow\Vulkan\Vulkan.cpp(374,51): warning C4244: 'initializing': conversion from 'uint32_t' to 'float', possible loss of data
C:\Users\Ziyad\Documents\TinyWindow\Vulkan\Vulkan.cpp(533,22): error C2039: 'resizeEvent': is not a member of 'TinyWindow::tWindow'
C:\Users\Ziyad\Documents\TinyWindow\Vulkan\..\Include\TinyWindow.h(717): message : see declaration of 'TinyWindow::tWindow'
